<?xml version="1.0" encoding="UTF-8"?>
<testsuite xmlns:xsi="http://www.w3.org/2001/XMLSchema-instance" xsi:noNamespaceSchemaLocation="https://maven.apache.org/surefire/maven-surefire-plugin/xsd/surefire-test-report-3.0.xsd" version="3.0" name="Runner.forrunner" time="0.766" tests="1" errors="0" skipped="0" failures="1">
  <properties>
[...]
</properties>
  <testcase name="runScenario[&quot;To validate simple form and all textboxes present&quot;, &quot;Optional[Form Feature]&quot;](1)" classname="Runner.forrunner" time="0.115">
    <failure message="The step &apos;user opens chrome browser and enter simpleform url&apos; and 4 other step(s) are undefined.&#10;You can implement these steps using the snippet(s) below:&#10;&#10;@Given(&quot;user opens chrome browser and enter simpleform url&quot;)&#10;public void user_opens_chrome_browser_and_enter_simpleform_url() {&#10;    // Write code here that turns the phrase above into concrete actions&#10;    throw new io.cucumber.java.PendingException();&#10;}&#10;@Given(&quot;textbox should be enabled&quot;)&#10;public void textbox_should_be_enabled() {&#10;    // Write code here that turns the phrase above into concrete actions&#10;    throw new io.cucumber.java.PendingException();&#10;}&#10;@When(&quot;user enters text in firstname,lastname,email,contact,message&quot;)&#10;public void user_enters_text_in_firstname_lastname_email_contact_message() {&#10;    // Write code here that turns the phrase above into concrete actions&#10;    throw new io.cucumber.java.PendingException();&#10;}&#10;@When(&quot;user clicks on submitbutton&quot;)&#10;public void user_clicks_on_submitbutton() {&#10;    // Write code here that turns the phrase above into concrete actions&#10;    throw new io.cucumber.java.PendingException();&#10;}&#10;@Then(&quot;An alret should be displayed&quot;)&#10;public void an_alret_should_be_displayed() {&#10;    // Write code here that turns the phrase above into concrete actions&#10;    throw new io.cucumber.java.PendingException();&#10;}&#10;" type="io.cucumber.testng.UndefinedStepException"><![CDATA[io.cucumber.testng.UndefinedStepException: 
The step 'user opens chrome browser and enter simpleform url' and 4 other step(s) are undefined.
You can implement these steps using the snippet(s) below:

@Given("user opens chrome browser and enter simpleform url")
public void user_opens_chrome_browser_and_enter_simpleform_url() {
    // Write code here that turns the phrase above into concrete actions
    throw new io.cucumber.java.PendingException();
}
@Given("textbox should be enabled")
public void textbox_should_be_enabled() {
    // Write code here that turns the phrase above into concrete actions
    throw new io.cucumber.java.PendingException();
}
@When("user enters text in firstname,lastname,email,contact,message")
public void user_enters_text_in_firstname_lastname_email_contact_message() {
    // Write code here that turns the phrase above into concrete actions
    throw new io.cucumber.java.PendingException();
}
@When("user clicks on submitbutton")
public void user_clicks_on_submitbutton() {
    // Write code here that turns the phrase above into concrete actions
    throw new io.cucumber.java.PendingException();
}
@Then("An alret should be displayed")
public void an_alret_should_be_displayed() {
    // Write code here that turns the phrase above into concrete actions
    throw new io.cucumber.java.PendingException();
}

]]></failure>
  </testcase>
</testsuite>