<?xml version="1.0" encoding="UTF-8"?>
<testng-results ignored="0" total="1" passed="1" failed="0" skipped="0">
  <reporter-output>
  </reporter-output>
  <suite started-at="2024-03-15T14:48:01 IST" name="Default suite" finished-at="2024-03-15T14:48:05 IST" duration-ms="4275">
    <groups>
      <group name="cucumber">
        <method signature="AbstractTestNGCucumberTests.runScenario(io.cucumber.testng.PickleWrapper,io.cucumber.testng.FeatureWrapper)[pri:0, instance:Runner.forrunner@74e52303]" name="runScenario" class="io.cucumber.testng.AbstractTestNGCucumberTests"/>
      </group> <!-- cucumber -->
    </groups>
    <test started-at="2024-03-15T14:48:01 IST" name="Default test" finished-at="2024-03-15T14:48:05 IST" duration-ms="4275">
      <class name="Runner.forrunner">
        <test-method is-config="true" signature="setUpClass(org.testng.ITestContext)[pri:0, instance:Runner.forrunner@74e52303]" started-at="2024-03-15T14:48:01 IST" name="setUpClass" finished-at="2024-03-15T14:48:01 IST" duration-ms="235" status="PASS">
          <params>
            <param index="0">
              <value>
                <![CDATA[org.testng.TestRunner@65f00478]]>
              </value>
            </param>
          </params>
          <reporter-output>
          </reporter-output>
        </test-method> <!-- setUpClass -->
        <test-method signature="runScenario(io.cucumber.testng.PickleWrapper,io.cucumber.testng.FeatureWrapper)[pri:0, instance:Runner.forrunner@74e52303]" started-at="2024-03-15T14:48:01 IST" name="runScenario" description="Runs Cucumber Scenarios" data-provider="scenarios" finished-at="2024-03-15T14:48:05 IST" duration-ms="3964" status="PASS">
          <params>
            <param index="0">
              <value>
                <![CDATA["Validating login page"]]>
              </value>
            </param>
            <param index="1">
              <value>
                <![CDATA["Optional[Login page]"]]>
              </value>
            </param>
          </params>
          <reporter-output>
          </reporter-output>
        </test-method> <!-- runScenario -->
        <test-method is-config="true" signature="tearDownClass()[pri:0, instance:Runner.forrunner@74e52303]" started-at="2024-03-15T14:48:05 IST" name="tearDownClass" finished-at="2024-03-15T14:48:05 IST" duration-ms="21" status="PASS">
          <reporter-output>
          </reporter-output>
        </test-method> <!-- tearDownClass -->
      </class> <!-- Runner.forrunner -->
    </test> <!-- Default test -->
  </suite> <!-- Default suite -->
</testng-results>
